2024-11-02 18:10:17,194:INFO:Starting daily prediction task...
2024-11-02 18:10:17,291:ERROR:An error occurred: Not an executable object: '\n    INSERT INTO predictions (observation_time, predicted_power_generated, predicted_battery_level, predicted_equipment_status)\n    VALUES (%s, %s, %s, %s)\n    '
2024-11-02 18:15:32,597:INFO:Starting daily prediction task...
2024-11-02 18:15:32,773:INFO:Daily prediction task completed successfully.
2024-11-02 18:23:12,101:INFO:Starting daily prediction task...
2024-11-02 18:23:12,256:INFO:Daily prediction task completed successfully.
2024-11-02 18:27:45,945:INFO:Starting daily prediction task...
2024-11-02 18:27:46,175:INFO:Daily prediction task completed successfully.
2024-11-04 22:05:01,163:INFO:Starting daily prediction task...
2024-11-04 22:05:01,226:ERROR:An error occurred: Can only use .dt accessor with datetimelike values
2024-11-04 22:22:06,004:INFO:Starting daily prediction task...
2024-11-04 22:22:06,045:ERROR:An error occurred: Can only use .dt accessor with datetimelike values
2024-11-04 22:32:26,055:INFO:Starting daily prediction task...
2024-11-04 22:32:26,103:ERROR:An error occurred: Found array with 0 sample(s) (shape=(0, 5)) while a minimum of 1 is required by GradientBoostingRegressor.
2024-11-04 22:40:15,397:INFO:Starting daily prediction task...
2024-11-04 22:40:15,447:ERROR:No data available for training.
2024-11-04 22:40:15,448:INFO:Daily prediction task finished.
2024-11-04 22:50:59,827:INFO:Starting daily prediction task...
2024-11-04 22:50:59,880:ERROR:No data available for training.
2024-11-04 22:50:59,881:INFO:Daily prediction task finished.
